<?xml version="1.0" encoding="UTF-8"?>
<testng-results ignored="0" total="1" passed="1" failed="0" skipped="0">
  <reporter-output>
  </reporter-output>
  <suite started-at="2022-10-12T10:47:50 IST" name="Default suite" finished-at="2022-10-12T10:48:42 IST" duration-ms="51296">
    <groups>
    </groups>
    <test started-at="2022-10-12T10:47:50 IST" name="Default test" finished-at="2022-10-12T10:48:42 IST" duration-ms="51296">
      <class name="NewTest1">
        <test-method signature="f()[pri:0, instance:NewTest1@6392827e]" started-at="2022-10-12T10:47:50 IST" name="f" finished-at="2022-10-12T10:48:42 IST" duration-ms="51254" status="PASS">
          <reporter-output>
          </reporter-output>
        </test-method> <!-- f -->
      </class> <!-- NewTest1 -->
    </test> <!-- Default test -->
  </suite> <!-- Default suite -->
</testng-results>
